# JRE version: OpenJDK Runtime Environment (8.0_152-b02) (build 1.8.0_152-release-1024-b02)
# Java VM: OpenJDK 64-Bit Server VM (25.152-b02 mixed mode windows-amd64 compressed oops)
Heap:
 PSYoungGen      total 116224K, used 66258K [0x00000000d5d00000, 0x00000000de200000, 0x0000000100000000)
  eden space 96256K, 48% used [0x00000000d5d00000,0x00000000d8a371d8,0x00000000dbb00000)
  from space 19968K, 99% used [0x00000000dbb00000,0x00000000dce7d7c8,0x00000000dce80000)
  to   space 18432K, 0% used [0x00000000dcf00000,0x00000000dcf00000,0x00000000de100000)
 ParOldGen       total 64512K, used 29835K [0x0000000081600000, 0x0000000085500000, 0x00000000d5d00000)
  object space 64512K, 46% used [0x0000000081600000,0x0000000083322d50,0x0000000085500000)
 Metaspace       used 47395K, capacity 48220K, committed 48640K, reserved 1091584K
  class space    used 5620K, capacity 5798K, committed 5888K, reserved 1048576K
GC Heap History (10 events):
Event: 4.939 GC heap before
{Heap before GC invocations=7 (full 1):
 PSYoungGen      total 71680K, used 40393K [0x00000000d5d00000, 0x00000000dc400000, 0x0000000100000000)
  eden space 66560K, 52% used [0x00000000d5d00000,0x00000000d7f72f40,0x00000000d9e00000)
  from space 5120K, 99% used [0x00000000d9e00000,0x00000000da2ff508,0x00000000da300000)
  to   space 16384K, 0% used [0x00000000db400000,0x00000000db400000,0x00000000dc400000)
 ParOldGen       total 64512K, used 22593K [0x0000000081600000, 0x0000000085500000, 0x00000000d5d00000)
  object space 64512K, 35% used [0x0000000081600000,0x0000000082c104b8,0x0000000085500000)
 Metaspace       used 34605K, capacity 35046K, committed 35416K, reserved 1081344K
  class space    used 4325K, capacity 4488K, committed 4608K, reserved 1048576K
Event: 4.957 GC heap after
Heap after GC invocations=7 (full 1):
 PSYoungGen      total 87552K, used 14834K [0x00000000d5d00000, 0x00000000ddf80000, 0x0000000100000000)
  eden space 71168K, 0% used [0x00000000d5d00000,0x00000000d5d00000,0x00000000da280000)
  from space 16384K, 90% used [0x00000000db400000,0x00000000dc27cb30,0x00000000dc400000)
  to   space 17920K, 0% used [0x00000000da280000,0x00000000da280000,0x00000000db400000)
 ParOldGen       total 64512K, used 22601K [0x0000000081600000, 0x0000000085500000, 0x00000000d5d00000)
  object space 64512K, 35% used [0x0000000081600000,0x0000000082c124b8,0x0000000085500000)
 Metaspace       used 34605K, capacity 35046K, committed 35416K, reserved 1081344K
  class space    used 4325K, capacity 4488K, committed 4608K, reserved 1048576K
}
Event: 4.957 GC heap before
{Heap before GC invocations=8 (full 2):
 PSYoungGen      total 87552K, used 14834K [0x00000000d5d00000, 0x00000000ddf80000, 0x0000000100000000)
  eden space 71168K, 0% used [0x00000000d5d00000,0x00000000d5d00000,0x00000000da280000)
  from space 16384K, 90% used [0x00000000db400000,0x00000000dc27cb30,0x00000000dc400000)
  to   space 17920K, 0% used [0x00000000da280000,0x00000000da280000,0x00000000db400000)
 ParOldGen       total 64512K, used 22601K [0x0000000081600000, 0x0000000085500000, 0x00000000d5d00000)
  object space 64512K, 35% used [0x0000000081600000,0x0000000082c124b8,0x0000000085500000)
 Metaspace       used 34605K, capacity 35046K, committed 35416K, reserved 1081344K
  class space    used 4325K, capacity 4488K, committed 4608K, reserved 1048576K
Event: 5.102 GC heap after
Heap after GC invocations=8 (full 2):
 PSYoungGen      total 87552K, used 0K [0x00000000d5d00000, 0x00000000ddf80000, 0x0000000100000000)
  eden space 71168K, 0% used [0x00000000d5d00000,0x00000000d5d00000,0x00000000da280000)
  from space 16384K, 0% used [0x00000000db400000,0x00000000db400000,0x00000000dc400000)
  to   space 17920K, 0% used [0x00000000da280000,0x00000000da280000,0x00000000db400000)
 ParOldGen       total 64512K, used 24074K [0x0000000081600000, 0x0000000085500000, 0x00000000d5d00000)
  object space 64512K, 37% used [0x0000000081600000,0x0000000082d82860,0x0000000085500000)
 Metaspace       used 34605K, capacity 35046K, committed 35416K, reserved 1081344K
  class space    used 4325K, capacity 4488K, committed 4608K, reserved 1048576K
}
Event: 6.522 GC heap before
{Heap before GC invocations=9 (full 2):
 PSYoungGen      total 87552K, used 71168K [0x00000000d5d00000, 0x00000000ddf80000, 0x0000000100000000)
  eden space 71168K, 100% used [0x00000000d5d00000,0x00000000da280000,0x00000000da280000)
  from space 16384K, 0% used [0x00000000db400000,0x00000000db400000,0x00000000dc400000)
  to   space 17920K, 0% used [0x00000000da280000,0x00000000da280000,0x00000000db400000)
 ParOldGen       total 64512K, used 24074K [0x0000000081600000, 0x0000000085500000, 0x00000000d5d00000)
  object space 64512K, 37% used [0x0000000081600000,0x0000000082d82860,0x0000000085500000)
 Metaspace       used 39406K, capacity 39964K, committed 40192K, reserved 1085440K
  class space    used 4949K, capacity 5107K, committed 5120K, reserved 1048576K
Event: 6.565 GC heap after
Heap after GC invocations=9 (full 2):
 PSYoungGen      total 89088K, used 13779K [0x00000000d5d00000, 0x00000000de100000, 0x0000000100000000)
  eden space 71168K, 0% used [0x00000000d5d00000,0x00000000d5d00000,0x00000000da280000)
  from space 17920K, 76% used [0x00000000da280000,0x00000000daff4ed8,0x00000000db400000)
  to   space 18432K, 0% used [0x00000000dcf00000,0x00000000dcf00000,0x00000000de100000)
 ParOldGen       total 64512K, used 24082K [0x0000000081600000, 0x0000000085500000, 0x00000000d5d00000)
  object space 64512K, 37% used [0x0000000081600000,0x0000000082d84860,0x0000000085500000)
 Metaspace       used 39406K, capacity 39964K, committed 40192K, reserved 1085440K
  class space    used 4949K, capacity 5107K, committed 5120K, reserved 1048576K
}
Event: 8.774 GC heap before
{Heap before GC invocations=10 (full 2):
 PSYoungGen      total 89088K, used 84947K [0x00000000d5d00000, 0x00000000de100000, 0x0000000100000000)
  eden space 71168K, 100% used [0x00000000d5d00000,0x00000000da280000,0x00000000da280000)
  from space 17920K, 76% used [0x00000000da280000,0x00000000daff4ed8,0x00000000db400000)
  to   space 18432K, 0% used [0x00000000dcf00000,0x00000000dcf00000,0x00000000de100000)
 ParOldGen       total 64512K, used 24082K [0x0000000081600000, 0x0000000085500000, 0x00000000d5d00000)
  object space 64512K, 37% used [0x0000000081600000,0x0000000082d84860,0x0000000085500000)
 Metaspace       used 43044K, capacity 43822K, committed 44160K, reserved 1087488K
  class space    used 5283K, capacity 5480K, committed 5504K, reserved 1048576K
Event: 8.796 GC heap after
Heap after GC invocations=10 (full 2):
 PSYoungGen      total 114688K, used 16965K [0x00000000d5d00000, 0x00000000de200000, 0x0000000100000000)
  eden space 96256K, 0% used [0x00000000d5d00000,0x00000000d5d00000,0x00000000dbb00000)
  from space 18432K, 92% used [0x00000000dcf00000,0x00000000ddf915c8,0x00000000de100000)
  to   space 19968K, 0% used [0x00000000dbb00000,0x00000000dbb00000,0x00000000dce80000)
 ParOldGen       total 64512K, used 24090K [0x0000000081600000, 0x0000000085500000, 0x00000000d5d00000)
  object space 64512K, 37% used [0x0000000081600000,0x0000000082d86860,0x0000000085500000)
 Metaspace       used 43044K, capacity 43822K, committed 44160K, reserved 1087488K
  class space    used 5283K, capacity 5480K, committed 5504K, reserved 1048576K
}
Event: 11.150 GC heap before
{Heap before GC invocations=11 (full 2):
 PSYoungGen      total 114688K, used 113221K [0x00000000d5d00000, 0x00000000de200000, 0x0000000100000000)
  eden space 96256K, 100% used [0x00000000d5d00000,0x00000000dbb00000,0x00000000dbb00000)
  from space 18432K, 92% used [0x00000000dcf00000,0x00000000ddf915c8,0x00000000de100000)
  to   space 19968K, 0% used [0x00000000dbb00000,0x00000000dbb00000,0x00000000dce80000)
 ParOldGen       total 64512K, used 24090K [0x0000000081600000, 0x0000000085500000, 0x00000000d5d00000)
  object space 64512K, 37% used [0x0000000081600000,0x0000000082d86860,0x0000000085500000)
 Metaspace       used 46778K, capacity 47628K, committed 47872K, reserved 1091584K
  class space    used 5607K, capacity 5794K, committed 5888K, reserved 1048576K
Event: 11.175 GC heap after
Heap after GC invocations=11 (full 2):
 PSYoungGen      total 116224K, used 19957K [0x00000000d5d00000, 0x00000000de200000, 0x0000000100000000)
  eden space 96256K, 0% used [0x00000000d5d00000,0x00000000d5d00000,0x00000000dbb00000)
  from space 19968K, 99% used [0x00000000dbb00000,0x00000000dce7d7c8,0x00000000dce80000)
  to   space 18432K, 0% used [0x00000000dcf00000,0x00000000dcf00000,0x00000000de100000)
 ParOldGen       total 64512K, used 29835K [0x0000000081600000, 0x0000000085500000, 0x00000000d5d00000)
  object space 64512K, 46% used [0x0000000081600000,0x0000000083322d50,0x0000000085500000)
 Metaspace       used 46778K, capacity 47628K, committed 47872K, reserved 1091584K
  class space    used 5607K, capacity 5794K, committed 5888K, reserved 1048576K
}

