# JRE version: OpenJDK Runtime Environment (8.0_152-b02) (build 1.8.0_152-release-1024-b02)
# Java VM: OpenJDK 64-Bit Server VM (25.152-b02 mixed mode windows-amd64 compressed oops)
Heap:
 PSYoungGen      total 124928K, used 50142K [0x00000000e0000000, 0x00000000ecf00000, 0x0000000100000000)
  eden space 93184K, 19% used [0x00000000e0000000,0x00000000e11fc2a0,0x00000000e5b00000)
  from space 31744K, 99% used [0x00000000e5b00000,0x00000000e79fb8e0,0x00000000e7a00000)
  to   space 41472K, 0% used [0x00000000ea680000,0x00000000ea680000,0x00000000ecf00000)
 ParOldGen       total 78848K, used 52175K [0x00000000a0000000, 0x00000000a4d00000, 0x00000000e0000000)
  object space 78848K, 66% used [0x00000000a0000000,0x00000000a32f3c50,0x00000000a4d00000)
 Metaspace       used 53117K, capacity 54004K, committed 54440K, reserved 1097728K
  class space    used 6351K, capacity 6557K, committed 6576K, reserved 1048576K
GC Heap History (10 events):
Event: 13.067 GC heap before
{Heap before GC invocations=10 (full 3):
 PSYoungGen      total 57344K, used 52224K [0x00000000e0000000, 0x00000000e5700000, 0x0000000100000000)
  eden space 52224K, 100% used [0x00000000e0000000,0x00000000e3300000,0x00000000e3300000)
  from space 5120K, 0% used [0x00000000e4080000,0x00000000e4080000,0x00000000e4580000)
  to   space 13824K, 0% used [0x00000000e3300000,0x00000000e3300000,0x00000000e4080000)
 ParOldGen       total 78848K, used 17764K [0x00000000a0000000, 0x00000000a4d00000, 0x00000000e0000000)
  object space 78848K, 22% used [0x00000000a0000000,0x00000000a11591e8,0x00000000a4d00000)
 Metaspace       used 39442K, capacity 40052K, committed 40744K, reserved 1085440K
  class space    used 4901K, capacity 5041K, committed 5168K, reserved 1048576K
Event: 13.078 GC heap after
Heap after GC invocations=10 (full 3):
 PSYoungGen      total 66048K, used 13065K [0x00000000e0000000, 0x00000000e6780000, 0x0000000100000000)
  eden space 52224K, 0% used [0x00000000e0000000,0x00000000e0000000,0x00000000e3300000)
  from space 13824K, 94% used [0x00000000e3300000,0x00000000e3fc2760,0x00000000e4080000)
  to   space 15872K, 0% used [0x00000000e5800000,0x00000000e5800000,0x00000000e6780000)
 ParOldGen       total 78848K, used 17772K [0x00000000a0000000, 0x00000000a4d00000, 0x00000000e0000000)
  object space 78848K, 22% used [0x00000000a0000000,0x00000000a115b1e8,0x00000000a4d00000)
 Metaspace       used 39442K, capacity 40052K, committed 40744K, reserved 1085440K
  class space    used 4901K, capacity 5041K, committed 5168K, reserved 1048576K
}
Event: 13.798 GC heap before
{Heap before GC invocations=11 (full 3):
 PSYoungGen      total 66048K, used 65289K [0x00000000e0000000, 0x00000000e6780000, 0x0000000100000000)
  eden space 52224K, 100% used [0x00000000e0000000,0x00000000e3300000,0x00000000e3300000)
  from space 13824K, 94% used [0x00000000e3300000,0x00000000e3fc2760,0x00000000e4080000)
  to   space 15872K, 0% used [0x00000000e5800000,0x00000000e5800000,0x00000000e6780000)
 ParOldGen       total 78848K, used 17772K [0x00000000a0000000, 0x00000000a4d00000, 0x00000000e0000000)
  object space 78848K, 22% used [0x00000000a0000000,0x00000000a115b1e8,0x00000000a4d00000)
 Metaspace       used 41467K, capacity 42180K, committed 42664K, reserved 1087488K
  class space    used 5052K, capacity 5225K, committed 5296K, reserved 1048576K
Event: 13.811 GC heap after
Heap after GC invocations=11 (full 3):
 PSYoungGen      total 88064K, used 15435K [0x00000000e0000000, 0x00000000e6c00000, 0x0000000100000000)
  eden space 72192K, 0% used [0x00000000e0000000,0x00000000e0000000,0x00000000e4680000)
  from space 15872K, 97% used [0x00000000e5800000,0x00000000e6712ef8,0x00000000e6780000)
  to   space 17920K, 0% used [0x00000000e4680000,0x00000000e4680000,0x00000000e5800000)
 ParOldGen       total 78848K, used 17780K [0x00000000a0000000, 0x00000000a4d00000, 0x00000000e0000000)
  object space 78848K, 22% used [0x00000000a0000000,0x00000000a115d1e8,0x00000000a4d00000)
 Metaspace       used 41467K, capacity 42180K, committed 42664K, reserved 1087488K
  class space    used 5052K, capacity 5225K, committed 5296K, reserved 1048576K
}
Event: 15.174 GC heap before
{Heap before GC invocations=12 (full 3):
 PSYoungGen      total 88064K, used 87627K [0x00000000e0000000, 0x00000000e6c00000, 0x0000000100000000)
  eden space 72192K, 100% used [0x00000000e0000000,0x00000000e4680000,0x00000000e4680000)
  from space 15872K, 97% used [0x00000000e5800000,0x00000000e6712ef8,0x00000000e6780000)
  to   space 17920K, 0% used [0x00000000e4680000,0x00000000e4680000,0x00000000e5800000)
 ParOldGen       total 78848K, used 17780K [0x00000000a0000000, 0x00000000a4d00000, 0x00000000e0000000)
  object space 78848K, 22% used [0x00000000a0000000,0x00000000a115d1e8,0x00000000a4d00000)
 Metaspace       used 47229K, capacity 48056K, committed 48552K, reserved 1091584K
  class space    used 5836K, capacity 6049K, committed 6064K, reserved 1048576K
Event: 15.196 GC heap after
Heap after GC invocations=12 (full 3):
 PSYoungGen      total 90112K, used 17903K [0x00000000e0000000, 0x00000000e9500000, 0x0000000100000000)
  eden space 72192K, 0% used [0x00000000e0000000,0x00000000e0000000,0x00000000e4680000)
  from space 17920K, 99% used [0x00000000e4680000,0x00000000e57fbf10,0x00000000e5800000)
  to   space 24576K, 0% used [0x00000000e7d00000,0x00000000e7d00000,0x00000000e9500000)
 ParOldGen       total 78848K, used 28401K [0x00000000a0000000, 0x00000000a4d00000, 0x00000000e0000000)
  object space 78848K, 36% used [0x00000000a0000000,0x00000000a1bbc7f8,0x00000000a4d00000)
 Metaspace       used 47229K, capacity 48056K, committed 48552K, reserved 1091584K
  class space    used 5836K, capacity 6049K, committed 6064K, reserved 1048576K
}
Event: 16.409 GC heap before
{Heap before GC invocations=13 (full 3):
 PSYoungGen      total 90112K, used 90095K [0x00000000e0000000, 0x00000000e9500000, 0x0000000100000000)
  eden space 72192K, 100% used [0x00000000e0000000,0x00000000e4680000,0x00000000e4680000)
  from space 17920K, 99% used [0x00000000e4680000,0x00000000e57fbf10,0x00000000e5800000)
  to   space 24576K, 0% used [0x00000000e7d00000,0x00000000e7d00000,0x00000000e9500000)
 ParOldGen       total 78848K, used 28401K [0x00000000a0000000, 0x00000000a4d00000, 0x00000000e0000000)
  object space 78848K, 36% used [0x00000000a0000000,0x00000000a1bbc7f8,0x00000000a4d00000)
 Metaspace       used 50286K, capacity 51218K, committed 51624K, reserved 1095680K
  class space    used 6060K, capacity 6254K, committed 6320K, reserved 1048576K
Event: 16.445 GC heap after
Heap after GC invocations=13 (full 3):
 PSYoungGen      total 117760K, used 24544K [0x00000000e0000000, 0x00000000e9900000, 0x0000000100000000)
  eden space 93184K, 0% used [0x00000000e0000000,0x00000000e0000000,0x00000000e5b00000)
  from space 24576K, 99% used [0x00000000e7d00000,0x00000000e94f8310,0x00000000e9500000)
  to   space 31744K, 0% used [0x00000000e5b00000,0x00000000e5b00000,0x00000000e7a00000)
 ParOldGen       total 78848K, used 38349K [0x00000000a0000000, 0x00000000a4d00000, 0x00000000e0000000)
  object space 78848K, 48% used [0x00000000a0000000,0x00000000a25735e0,0x00000000a4d00000)
 Metaspace       used 50286K, capacity 51218K, committed 51624K, reserved 1095680K
  class space    used 6060K, capacity 6254K, committed 6320K, reserved 1048576K
}
Event: 17.200 GC heap before
{Heap before GC invocations=14 (full 3):
 PSYoungGen      total 117760K, used 117728K [0x00000000e0000000, 0x00000000e9900000, 0x0000000100000000)
  eden space 93184K, 100% used [0x00000000e0000000,0x00000000e5b00000,0x00000000e5b00000)
  from space 24576K, 99% used [0x00000000e7d00000,0x00000000e94f8310,0x00000000e9500000)
  to   space 31744K, 0% used [0x00000000e5b00000,0x00000000e5b00000,0x00000000e7a00000)
 ParOldGen       total 78848K, used 38349K [0x00000000a0000000, 0x00000000a4d00000, 0x00000000e0000000)
  object space 78848K, 48% used [0x00000000a0000000,0x00000000a25735e0,0x00000000a4d00000)
 Metaspace       used 50460K, capacity 51350K, committed 51880K, reserved 1095680K
  class space    used 6060K, capacity 6254K, committed 6320K, reserved 1048576K
Event: 17.266 GC heap after
Heap after GC invocations=14 (full 3):
 PSYoungGen      total 124928K, used 31726K [0x00000000e0000000, 0x00000000ecf00000, 0x0000000100000000)
  eden space 93184K, 0% used [0x00000000e0000000,0x00000000e0000000,0x00000000e5b00000)
  from space 31744K, 99% used [0x00000000e5b00000,0x00000000e79fb8e0,0x00000000e7a00000)
  to   space 41472K, 0% used [0x00000000ea680000,0x00000000ea680000,0x00000000ecf00000)
 ParOldGen       total 78848K, used 52175K [0x00000000a0000000, 0x00000000a4d00000, 0x00000000e0000000)
  object space 78848K, 66% used [0x00000000a0000000,0x00000000a32f3c50,0x00000000a4d00000)
 Metaspace       used 50460K, capacity 51350K, committed 51880K, reserved 1095680K
  class space    used 6060K, capacity 6254K, committed 6320K, reserved 1048576K
}

