# JRE version: OpenJDK Runtime Environment (8.0_152-b02) (build 1.8.0_152-release-1024-b02)
# Java VM: OpenJDK 64-Bit Server VM (25.152-b02 mixed mode windows-amd64 compressed oops)
Heap:
 PSYoungGen      total 55808K, used 17047K [0x00000000e0000000, 0x00000000e8600000, 0x0000000100000000)
  eden space 50688K, 23% used [0x00000000e0000000,0x00000000e0baa208,0x00000000e3180000)
  from space 5120K, 99% used [0x00000000e4780000,0x00000000e4c7bc68,0x00000000e4c80000)
  to   space 22528K, 0% used [0x00000000e3180000,0x00000000e3180000,0x00000000e4780000)
 ParOldGen       total 69632K, used 39682K [0x00000000a0000000, 0x00000000a4400000, 0x00000000e0000000)
  object space 69632K, 56% used [0x00000000a0000000,0x00000000a26c0bf0,0x00000000a4400000)
 Metaspace       used 34303K, capacity 34932K, committed 35328K, reserved 1079296K
  class space    used 4383K, capacity 4551K, committed 4608K, reserved 1048576K
GC Heap History (10 events):
Event: 2.657 GC heap before
{Heap before GC invocations=4 (full 1):
 PSYoungGen      total 38400K, used 32507K [0x00000000e0000000, 0x00000000e4b00000, 0x0000000100000000)
  eden space 33280K, 82% used [0x00000000e0000000,0x00000000e1ac4de8,0x00000000e2080000)
  from space 5120K, 99% used [0x00000000e2580000,0x00000000e2a7a0c0,0x00000000e2a80000)
  to   space 5120K, 0% used [0x00000000e2080000,0x00000000e2080000,0x00000000e2580000)
 ParOldGen       total 87552K, used 5803K [0x00000000a0000000, 0x00000000a5580000, 0x00000000e0000000)
  object space 87552K, 6% used [0x00000000a0000000,0x00000000a05aad08,0x00000000a5580000)
 Metaspace       used 20668K, capacity 20950K, committed 21296K, reserved 1069056K
  class space    used 2478K, capacity 2563K, committed 2688K, reserved 1048576K
Event: 2.667 GC heap after
Heap after GC invocations=4 (full 1):
 PSYoungGen      total 38400K, used 5093K [0x00000000e0000000, 0x00000000e4b00000, 0x0000000100000000)
  eden space 33280K, 0% used [0x00000000e0000000,0x00000000e0000000,0x00000000e2080000)
  from space 5120K, 99% used [0x00000000e2080000,0x00000000e2579630,0x00000000e2580000)
  to   space 5120K, 0% used [0x00000000e4600000,0x00000000e4600000,0x00000000e4b00000)
 ParOldGen       total 87552K, used 9686K [0x00000000a0000000, 0x00000000a5580000, 0x00000000e0000000)
  object space 87552K, 11% used [0x00000000a0000000,0x00000000a0975950,0x00000000a5580000)
 Metaspace       used 20668K, capacity 20950K, committed 21296K, reserved 1069056K
  class space    used 2478K, capacity 2563K, committed 2688K, reserved 1048576K
}
Event: 2.667 GC heap before
{Heap before GC invocations=5 (full 2):
 PSYoungGen      total 38400K, used 5093K [0x00000000e0000000, 0x00000000e4b00000, 0x0000000100000000)
  eden space 33280K, 0% used [0x00000000e0000000,0x00000000e0000000,0x00000000e2080000)
  from space 5120K, 99% used [0x00000000e2080000,0x00000000e2579630,0x00000000e2580000)
  to   space 5120K, 0% used [0x00000000e4600000,0x00000000e4600000,0x00000000e4b00000)
 ParOldGen       total 87552K, used 9686K [0x00000000a0000000, 0x00000000a5580000, 0x00000000e0000000)
  object space 87552K, 11% used [0x00000000a0000000,0x00000000a0975950,0x00000000a5580000)
 Metaspace       used 20668K, capacity 20950K, committed 21296K, reserved 1069056K
  class space    used 2478K, capacity 2563K, committed 2688K, reserved 1048576K
Event: 2.701 GC heap after
Heap after GC invocations=5 (full 2):
 PSYoungGen      total 38400K, used 0K [0x00000000e0000000, 0x00000000e4b00000, 0x0000000100000000)
  eden space 33280K, 0% used [0x00000000e0000000,0x00000000e0000000,0x00000000e2080000)
  from space 5120K, 0% used [0x00000000e2080000,0x00000000e2080000,0x00000000e2580000)
  to   space 5120K, 0% used [0x00000000e4600000,0x00000000e4600000,0x00000000e4b00000)
 ParOldGen       total 69632K, used 10391K [0x00000000a0000000, 0x00000000a4400000, 0x00000000e0000000)
  object space 69632K, 14% used [0x00000000a0000000,0x00000000a0a25e78,0x00000000a4400000)
 Metaspace       used 20668K, capacity 20950K, committed 21296K, reserved 1069056K
  class space    used 2478K, capacity 2563K, committed 2688K, reserved 1048576K
}
Event: 3.120 GC heap before
{Heap before GC invocations=6 (full 2):
 PSYoungGen      total 38400K, used 33280K [0x00000000e0000000, 0x00000000e4b00000, 0x0000000100000000)
  eden space 33280K, 100% used [0x00000000e0000000,0x00000000e2080000,0x00000000e2080000)
  from space 5120K, 0% used [0x00000000e2080000,0x00000000e2080000,0x00000000e2580000)
  to   space 5120K, 0% used [0x00000000e4600000,0x00000000e4600000,0x00000000e4b00000)
 ParOldGen       total 69632K, used 10391K [0x00000000a0000000, 0x00000000a4400000, 0x00000000e0000000)
  object space 69632K, 14% used [0x00000000a0000000,0x00000000a0a25e78,0x00000000a4400000)
 Metaspace       used 24240K, capacity 24626K, committed 24960K, reserved 1071104K
  class space    used 3057K, capacity 3167K, committed 3200K, reserved 1048576K
Event: 3.134 GC heap after
Heap after GC invocations=6 (full 2):
 PSYoungGen      total 53248K, used 5112K [0x00000000e0000000, 0x00000000e4b00000, 0x0000000100000000)
  eden space 48128K, 0% used [0x00000000e0000000,0x00000000e0000000,0x00000000e2f00000)
  from space 5120K, 99% used [0x00000000e4600000,0x00000000e4afe078,0x00000000e4b00000)
  to   space 5120K, 0% used [0x00000000e4100000,0x00000000e4100000,0x00000000e4600000)
 ParOldGen       total 69632K, used 12351K [0x00000000a0000000, 0x00000000a4400000, 0x00000000e0000000)
  object space 69632K, 17% used [0x00000000a0000000,0x00000000a0c0fca0,0x00000000a4400000)
 Metaspace       used 24240K, capacity 24626K, committed 24960K, reserved 1071104K
  class space    used 3057K, capacity 3167K, committed 3200K, reserved 1048576K
}
Event: 4.571 GC heap before
{Heap before GC invocations=7 (full 2):
 PSYoungGen      total 53248K, used 53240K [0x00000000e0000000, 0x00000000e4b00000, 0x0000000100000000)
  eden space 48128K, 100% used [0x00000000e0000000,0x00000000e2f00000,0x00000000e2f00000)
  from space 5120K, 99% used [0x00000000e4600000,0x00000000e4afe078,0x00000000e4b00000)
  to   space 5120K, 0% used [0x00000000e4100000,0x00000000e4100000,0x00000000e4600000)
 ParOldGen       total 69632K, used 12351K [0x00000000a0000000, 0x00000000a4400000, 0x00000000e0000000)
  object space 69632K, 17% used [0x00000000a0000000,0x00000000a0c0fca0,0x00000000a4400000)
 Metaspace       used 27643K, capacity 28129K, committed 28288K, reserved 1073152K
  class space    used 3517K, capacity 3663K, committed 3712K, reserved 1048576K
Event: 4.588 GC heap after
Heap after GC invocations=7 (full 2):
 PSYoungGen      total 71680K, used 5100K [0x00000000e0000000, 0x00000000e4c80000, 0x0000000100000000)
  eden space 66560K, 0% used [0x00000000e0000000,0x00000000e0000000,0x00000000e4100000)
  from space 5120K, 99% used [0x00000000e4100000,0x00000000e45fb180,0x00000000e4600000)
  to   space 5120K, 0% used [0x00000000e4780000,0x00000000e4780000,0x00000000e4c80000)
 ParOldGen       total 69632K, used 23385K [0x00000000a0000000, 0x00000000a4400000, 0x00000000e0000000)
  object space 69632K, 33% used [0x00000000a0000000,0x00000000a16d66c8,0x00000000a4400000)
 Metaspace       used 27643K, capacity 28129K, committed 28288K, reserved 1073152K
  class space    used 3517K, capacity 3663K, committed 3712K, reserved 1048576K
}
Event: 7.253 GC heap before
{Heap before GC invocations=8 (full 2):
 PSYoungGen      total 71680K, used 71660K [0x00000000e0000000, 0x00000000e4c80000, 0x0000000100000000)
  eden space 66560K, 100% used [0x00000000e0000000,0x00000000e4100000,0x00000000e4100000)
  from space 5120K, 99% used [0x00000000e4100000,0x00000000e45fb180,0x00000000e4600000)
  to   space 5120K, 0% used [0x00000000e4780000,0x00000000e4780000,0x00000000e4c80000)
 ParOldGen       total 69632K, used 23385K [0x00000000a0000000, 0x00000000a4400000, 0x00000000e0000000)
  object space 69632K, 33% used [0x00000000a0000000,0x00000000a16d66c8,0x00000000a4400000)
 Metaspace       used 32711K, capacity 33346K, committed 33664K, reserved 1079296K
  class space    used 4208K, capacity 4388K, committed 4480K, reserved 1048576K
Event: 7.278 GC heap after
Heap after GC invocations=8 (full 2):
 PSYoungGen      total 55808K, used 5103K [0x00000000e0000000, 0x00000000e8600000, 0x0000000100000000)
  eden space 50688K, 0% used [0x00000000e0000000,0x00000000e0000000,0x00000000e3180000)
  from space 5120K, 99% used [0x00000000e4780000,0x00000000e4c7bc68,0x00000000e4c80000)
  to   space 22528K, 0% used [0x00000000e3180000,0x00000000e3180000,0x00000000e4780000)
 ParOldGen       total 69632K, used 39682K [0x00000000a0000000, 0x00000000a4400000, 0x00000000e0000000)
  object space 69632K, 56% used [0x00000000a0000000,0x00000000a26c0bf0,0x00000000a4400000)
 Metaspace       used 32711K, capacity 33346K, committed 33664K, reserved 1079296K
  class space    used 4208K, capacity 4388K, committed 4480K, reserved 1048576K
}

