# JRE version: OpenJDK Runtime Environment (8.0_152-b02) (build 1.8.0_152-release-1024-b02)
# Java VM: OpenJDK 64-Bit Server VM (25.152-b02 mixed mode windows-amd64 compressed oops)
Heap:
 PSYoungGen      total 176640K, used 76766K [0x00000000e0000000, 0x00000000ecd00000, 0x0000000100000000)
  eden space 152576K, 50% used [0x00000000e0000000,0x00000000e4af7b60,0x00000000e9500000)
  from space 24064K, 0% used [0x00000000eb100000,0x00000000eb100000,0x00000000ec880000)
  to   space 28672K, 0% used [0x00000000e9500000,0x00000000e9500000,0x00000000eb100000)
 ParOldGen       total 81920K, used 23813K [0x00000000a0000000, 0x00000000a5000000, 0x00000000e0000000)
  object space 81920K, 29% used [0x00000000a0000000,0x00000000a17414b0,0x00000000a5000000)
 Metaspace       used 58867K, capacity 59900K, committed 60184K, reserved 1101824K
  class space    used 6833K, capacity 7052K, committed 7080K, reserved 1048576K
GC Heap History (10 events):
Event: 12.376 GC heap before
{Heap before GC invocations=10 (full 3):
 PSYoungGen      total 98816K, used 93696K [0x00000000e0000000, 0x00000000e9f80000, 0x0000000100000000)
  eden space 93696K, 100% used [0x00000000e0000000,0x00000000e5b80000,0x00000000e5b80000)
  from space 5120K, 0% used [0x00000000e6d00000,0x00000000e6d00000,0x00000000e7200000)
  to   space 17920K, 0% used [0x00000000e5b80000,0x00000000e5b80000,0x00000000e6d00000)
 ParOldGen       total 81920K, used 15856K [0x00000000a0000000, 0x00000000a5000000, 0x00000000e0000000)
  object space 81920K, 19% used [0x00000000a0000000,0x00000000a0f7c0c8,0x00000000a5000000)
 Metaspace       used 43085K, capacity 43818K, committed 44328K, reserved 1087488K
  class space    used 5399K, capacity 5594K, committed 5672K, reserved 1048576K
Event: 12.403 GC heap after
Heap after GC invocations=10 (full 3):
 PSYoungGen      total 111616K, used 17909K [0x00000000e0000000, 0x00000000ec880000, 0x0000000100000000)
  eden space 93696K, 0% used [0x00000000e0000000,0x00000000e0000000,0x00000000e5b80000)
  from space 17920K, 99% used [0x00000000e5b80000,0x00000000e6cfd400,0x00000000e6d00000)
  to   space 24064K, 0% used [0x00000000eb100000,0x00000000eb100000,0x00000000ec880000)
 ParOldGen       total 81920K, used 20839K [0x00000000a0000000, 0x00000000a5000000, 0x00000000e0000000)
  object space 81920K, 25% used [0x00000000a0000000,0x00000000a1459d60,0x00000000a5000000)
 Metaspace       used 43085K, capacity 43818K, committed 44328K, reserved 1087488K
  class space    used 5399K, capacity 5594K, committed 5672K, reserved 1048576K
}
Event: 14.699 GC heap before
{Heap before GC invocations=11 (full 3):
 PSYoungGen      total 111616K, used 111605K [0x00000000e0000000, 0x00000000ec880000, 0x0000000100000000)
  eden space 93696K, 100% used [0x00000000e0000000,0x00000000e5b80000,0x00000000e5b80000)
  from space 17920K, 99% used [0x00000000e5b80000,0x00000000e6cfd400,0x00000000e6d00000)
  to   space 24064K, 0% used [0x00000000eb100000,0x00000000eb100000,0x00000000ec880000)
 ParOldGen       total 81920K, used 20839K [0x00000000a0000000, 0x00000000a5000000, 0x00000000e0000000)
  object space 81920K, 25% used [0x00000000a0000000,0x00000000a1459d60,0x00000000a5000000)
 Metaspace       used 46776K, capacity 47664K, committed 48040K, reserved 1091584K
  class space    used 5751K, capacity 5963K, committed 6056K, reserved 1048576K
Event: 14.721 GC heap after
Heap after GC invocations=11 (full 3):
 PSYoungGen      total 176640K, used 24035K [0x00000000e0000000, 0x00000000ecd00000, 0x0000000100000000)
  eden space 152576K, 0% used [0x00000000e0000000,0x00000000e0000000,0x00000000e9500000)
  from space 24064K, 99% used [0x00000000eb100000,0x00000000ec878f88,0x00000000ec880000)
  to   space 28672K, 0% used [0x00000000e9500000,0x00000000e9500000,0x00000000eb100000)
 ParOldGen       total 81920K, used 21507K [0x00000000a0000000, 0x00000000a5000000, 0x00000000e0000000)
  object space 81920K, 26% used [0x00000000a0000000,0x00000000a1500ff0,0x00000000a5000000)
 Metaspace       used 46776K, capacity 47664K, committed 48040K, reserved 1091584K
  class space    used 5751K, capacity 5963K, committed 6056K, reserved 1048576K
}
Event: 17.364 GC heap before
{Heap before GC invocations=12 (full 3):
 PSYoungGen      total 176640K, used 176611K [0x00000000e0000000, 0x00000000ecd00000, 0x0000000100000000)
  eden space 152576K, 100% used [0x00000000e0000000,0x00000000e9500000,0x00000000e9500000)
  from space 24064K, 99% used [0x00000000eb100000,0x00000000ec878f88,0x00000000ec880000)
  to   space 28672K, 0% used [0x00000000e9500000,0x00000000e9500000,0x00000000eb100000)
 ParOldGen       total 81920K, used 21507K [0x00000000a0000000, 0x00000000a5000000, 0x00000000e0000000)
  object space 81920K, 26% used [0x00000000a0000000,0x00000000a1500ff0,0x00000000a5000000)
 Metaspace       used 51232K, capacity 52158K, committed 52520K, reserved 1095680K
  class space    used 6092K, capacity 6313K, committed 6440K, reserved 1048576K
Event: 17.404 GC heap after
Heap after GC invocations=12 (full 3):
 PSYoungGen      total 181248K, used 28648K [0x00000000e0000000, 0x00000000ecd00000, 0x0000000100000000)
  eden space 152576K, 0% used [0x00000000e0000000,0x00000000e0000000,0x00000000e9500000)
  from space 28672K, 99% used [0x00000000e9500000,0x00000000eb0fa330,0x00000000eb100000)
  to   space 24064K, 0% used [0x00000000eb100000,0x00000000eb100000,0x00000000ec880000)
 ParOldGen       total 81920K, used 26691K [0x00000000a0000000, 0x00000000a5000000, 0x00000000e0000000)
  object space 81920K, 32% used [0x00000000a0000000,0x00000000a1a10c50,0x00000000a5000000)
 Metaspace       used 51232K, capacity 52158K, committed 52520K, reserved 1095680K
  class space    used 6092K, capacity 6313K, committed 6440K, reserved 1048576K
}
Event: 29.905 GC heap before
{Heap before GC invocations=13 (full 3):
 PSYoungGen      total 181248K, used 150289K [0x00000000e0000000, 0x00000000ecd00000, 0x0000000100000000)
  eden space 152576K, 79% used [0x00000000e0000000,0x00000000e76ca1f8,0x00000000e9500000)
  from space 28672K, 99% used [0x00000000e9500000,0x00000000eb0fa330,0x00000000eb100000)
  to   space 24064K, 0% used [0x00000000eb100000,0x00000000eb100000,0x00000000ec880000)
 ParOldGen       total 81920K, used 26691K [0x00000000a0000000, 0x00000000a5000000, 0x00000000e0000000)
  object space 81920K, 32% used [0x00000000a0000000,0x00000000a1a10c50,0x00000000a5000000)
 Metaspace       used 57968K, capacity 58978K, committed 59160K, reserved 1101824K
  class space    used 6798K, capacity 7022K, committed 7080K, reserved 1048576K
Event: 29.936 GC heap after
Heap after GC invocations=13 (full 3):
 PSYoungGen      total 176640K, used 24046K [0x00000000e0000000, 0x00000000ecd00000, 0x0000000100000000)
  eden space 152576K, 0% used [0x00000000e0000000,0x00000000e0000000,0x00000000e9500000)
  from space 24064K, 99% used [0x00000000eb100000,0x00000000ec87bbf8,0x00000000ec880000)
  to   space 28672K, 0% used [0x00000000e9500000,0x00000000e9500000,0x00000000eb100000)
 ParOldGen       total 81920K, used 41640K [0x00000000a0000000, 0x00000000a5000000, 0x00000000e0000000)
  object space 81920K, 50% used [0x00000000a0000000,0x00000000a28aa128,0x00000000a5000000)
 Metaspace       used 57968K, capacity 58978K, committed 59160K, reserved 1101824K
  class space    used 6798K, capacity 7022K, committed 7080K, reserved 1048576K
}
Event: 29.936 GC heap before
{Heap before GC invocations=14 (full 4):
 PSYoungGen      total 176640K, used 24046K [0x00000000e0000000, 0x00000000ecd00000, 0x0000000100000000)
  eden space 152576K, 0% used [0x00000000e0000000,0x00000000e0000000,0x00000000e9500000)
  from space 24064K, 99% used [0x00000000eb100000,0x00000000ec87bbf8,0x00000000ec880000)
  to   space 28672K, 0% used [0x00000000e9500000,0x00000000e9500000,0x00000000eb100000)
 ParOldGen       total 81920K, used 41640K [0x00000000a0000000, 0x00000000a5000000, 0x00000000e0000000)
  object space 81920K, 50% used [0x00000000a0000000,0x00000000a28aa128,0x00000000a5000000)
 Metaspace       used 57968K, capacity 58978K, committed 59160K, reserved 1101824K
  class space    used 6798K, capacity 7022K, committed 7080K, reserved 1048576K
Event: 30.031 GC heap after
Heap after GC invocations=14 (full 4):
 PSYoungGen      total 176640K, used 0K [0x00000000e0000000, 0x00000000ecd00000, 0x0000000100000000)
  eden space 152576K, 0% used [0x00000000e0000000,0x00000000e0000000,0x00000000e9500000)
  from space 24064K, 0% used [0x00000000eb100000,0x00000000eb100000,0x00000000ec880000)
  to   space 28672K, 0% used [0x00000000e9500000,0x00000000e9500000,0x00000000eb100000)
 ParOldGen       total 81920K, used 23813K [0x00000000a0000000, 0x00000000a5000000, 0x00000000e0000000)
  object space 81920K, 29% used [0x00000000a0000000,0x00000000a17414b0,0x00000000a5000000)
 Metaspace       used 57964K, capacity 58972K, committed 59160K, reserved 1101824K
  class space    used 6797K, capacity 7020K, committed 7080K, reserved 1048576K
}

