# JRE version: OpenJDK Runtime Environment (8.0_152-b02) (build 1.8.0_152-release-1024-b02)
# Java VM: OpenJDK 64-Bit Server VM (25.152-b02 mixed mode windows-amd64 compressed oops)
Heap:
 PSYoungGen      total 93696K, used 20479K [0x00000000e0000000, 0x00000000e8d80000, 0x0000000100000000)
  eden space 69632K, 19% used [0x00000000e0000000,0x00000000e0d88fe0,0x00000000e4400000)
  from space 24064K, 27% used [0x00000000e4400000,0x00000000e4a76ff0,0x00000000e5b80000)
  to   space 24064K, 0% used [0x00000000e7600000,0x00000000e7600000,0x00000000e8d80000)
 ParOldGen       total 116736K, used 49815K [0x00000000a0000000, 0x00000000a7200000, 0x00000000e0000000)
  object space 116736K, 42% used [0x00000000a0000000,0x00000000a30a5dd8,0x00000000a7200000)
 Metaspace       used 55711K, capacity 56716K, committed 57088K, reserved 1099776K
  class space    used 6598K, capacity 6836K, committed 6912K, reserved 1048576K
GC Heap History (10 events):
Event: 12.678 GC heap before
{Heap before GC invocations=12 (full 3):
 PSYoungGen      total 74752K, used 74744K [0x00000000e0000000, 0x00000000e6000000, 0x0000000100000000)
  eden space 58368K, 100% used [0x00000000e0000000,0x00000000e3900000,0x00000000e3900000)
  from space 16384K, 99% used [0x00000000e4b00000,0x00000000e5afe028,0x00000000e5b00000)
  to   space 18432K, 0% used [0x00000000e3900000,0x00000000e3900000,0x00000000e4b00000)
 ParOldGen       total 116736K, used 19391K [0x00000000a0000000, 0x00000000a7200000, 0x00000000e0000000)
  object space 116736K, 16% used [0x00000000a0000000,0x00000000a12efed8,0x00000000a7200000)
 Metaspace       used 45299K, capacity 46112K, committed 46592K, reserved 1089536K
  class space    used 5639K, capacity 5847K, committed 5888K, reserved 1048576K
Event: 12.698 GC heap after
Heap after GC invocations=12 (full 3):
 PSYoungGen      total 76800K, used 18406K [0x00000000e0000000, 0x00000000e6000000, 0x0000000100000000)
  eden space 58368K, 0% used [0x00000000e0000000,0x00000000e0000000,0x00000000e3900000)
  from space 18432K, 99% used [0x00000000e3900000,0x00000000e4af9a20,0x00000000e4b00000)
  to   space 16384K, 0% used [0x00000000e4b00000,0x00000000e4b00000,0x00000000e5b00000)
 ParOldGen       total 116736K, used 22122K [0x00000000a0000000, 0x00000000a7200000, 0x00000000e0000000)
  object space 116736K, 18% used [0x00000000a0000000,0x00000000a159abf0,0x00000000a7200000)
 Metaspace       used 45299K, capacity 46112K, committed 46592K, reserved 1089536K
  class space    used 5639K, capacity 5847K, committed 5888K, reserved 1048576K
}
Event: 14.143 GC heap before
{Heap before GC invocations=13 (full 3):
 PSYoungGen      total 76800K, used 76774K [0x00000000e0000000, 0x00000000e6000000, 0x0000000100000000)
  eden space 58368K, 100% used [0x00000000e0000000,0x00000000e3900000,0x00000000e3900000)
  from space 18432K, 99% used [0x00000000e3900000,0x00000000e4af9a20,0x00000000e4b00000)
  to   space 16384K, 0% used [0x00000000e4b00000,0x00000000e4b00000,0x00000000e5b00000)
 ParOldGen       total 116736K, used 22122K [0x00000000a0000000, 0x00000000a7200000, 0x00000000e0000000)
  object space 116736K, 18% used [0x00000000a0000000,0x00000000a159abf0,0x00000000a7200000)
 Metaspace       used 47045K, capacity 47938K, committed 48256K, reserved 1091584K
  class space    used 5763K, capacity 5966K, committed 6016K, reserved 1048576K
Event: 14.164 GC heap after
Heap after GC invocations=13 (full 3):
 PSYoungGen      total 67584K, used 16370K [0x00000000e0000000, 0x00000000e7b80000, 0x0000000100000000)
  eden space 51200K, 0% used [0x00000000e0000000,0x00000000e0000000,0x00000000e3200000)
  from space 16384K, 99% used [0x00000000e4b00000,0x00000000e5afcb80,0x00000000e5b00000)
  to   space 25600K, 0% used [0x00000000e3200000,0x00000000e3200000,0x00000000e4b00000)
 ParOldGen       total 116736K, used 29474K [0x00000000a0000000, 0x00000000a7200000, 0x00000000e0000000)
  object space 116736K, 25% used [0x00000000a0000000,0x00000000a1cc8a18,0x00000000a7200000)
 Metaspace       used 47045K, capacity 47938K, committed 48256K, reserved 1091584K
  class space    used 5763K, capacity 5966K, committed 6016K, reserved 1048576K
}
Event: 14.848 GC heap before
{Heap before GC invocations=14 (full 3):
 PSYoungGen      total 67584K, used 67570K [0x00000000e0000000, 0x00000000e7b80000, 0x0000000100000000)
  eden space 51200K, 100% used [0x00000000e0000000,0x00000000e3200000,0x00000000e3200000)
  from space 16384K, 99% used [0x00000000e4b00000,0x00000000e5afcb80,0x00000000e5b00000)
  to   space 25600K, 0% used [0x00000000e3200000,0x00000000e3200000,0x00000000e4b00000)
 ParOldGen       total 116736K, used 29474K [0x00000000a0000000, 0x00000000a7200000, 0x00000000e0000000)
  object space 116736K, 25% used [0x00000000a0000000,0x00000000a1cc8a18,0x00000000a7200000)
 Metaspace       used 47288K, capacity 48230K, committed 48512K, reserved 1091584K
  class space    used 5767K, capacity 5998K, committed 6016K, reserved 1048576K
Event: 14.875 GC heap after
Heap after GC invocations=14 (full 3):
 PSYoungGen      total 76800K, used 14344K [0x00000000e0000000, 0x00000000e7400000, 0x0000000100000000)
  eden space 51200K, 0% used [0x00000000e0000000,0x00000000e0000000,0x00000000e3200000)
  from space 25600K, 56% used [0x00000000e3200000,0x00000000e40021b0,0x00000000e4b00000)
  to   space 25088K, 0% used [0x00000000e5b80000,0x00000000e5b80000,0x00000000e7400000)
 ParOldGen       total 116736K, used 36219K [0x00000000a0000000, 0x00000000a7200000, 0x00000000e0000000)
  object space 116736K, 31% used [0x00000000a0000000,0x00000000a235efa8,0x00000000a7200000)
 Metaspace       used 47288K, capacity 48230K, committed 48512K, reserved 1091584K
  class space    used 5767K, capacity 5998K, committed 6016K, reserved 1048576K
}
Event: 16.209 GC heap before
{Heap before GC invocations=15 (full 3):
 PSYoungGen      total 76800K, used 65544K [0x00000000e0000000, 0x00000000e7400000, 0x0000000100000000)
  eden space 51200K, 100% used [0x00000000e0000000,0x00000000e3200000,0x00000000e3200000)
  from space 25600K, 56% used [0x00000000e3200000,0x00000000e40021b0,0x00000000e4b00000)
  to   space 25088K, 0% used [0x00000000e5b80000,0x00000000e5b80000,0x00000000e7400000)
 ParOldGen       total 116736K, used 36219K [0x00000000a0000000, 0x00000000a7200000, 0x00000000e0000000)
  object space 116736K, 31% used [0x00000000a0000000,0x00000000a235efa8,0x00000000a7200000)
 Metaspace       used 51006K, capacity 51924K, committed 52224K, reserved 1095680K
  class space    used 6093K, capacity 6316K, committed 6400K, reserved 1048576K
Event: 16.267 GC heap after
Heap after GC invocations=15 (full 3):
 PSYoungGen      total 94720K, used 13522K [0x00000000e0000000, 0x00000000e7400000, 0x0000000100000000)
  eden space 69632K, 0% used [0x00000000e0000000,0x00000000e0000000,0x00000000e4400000)
  from space 25088K, 53% used [0x00000000e5b80000,0x00000000e68b4920,0x00000000e7400000)
  to   space 24064K, 0% used [0x00000000e4400000,0x00000000e4400000,0x00000000e5b80000)
 ParOldGen       total 116736K, used 42839K [0x00000000a0000000, 0x00000000a7200000, 0x00000000e0000000)
  object space 116736K, 36% used [0x00000000a0000000,0x00000000a29d5db8,0x00000000a7200000)
 Metaspace       used 51006K, capacity 51924K, committed 52224K, reserved 1095680K
  class space    used 6093K, capacity 6316K, committed 6400K, reserved 1048576K
}
Event: 17.816 GC heap before
{Heap before GC invocations=16 (full 3):
 PSYoungGen      total 94720K, used 83154K [0x00000000e0000000, 0x00000000e7400000, 0x0000000100000000)
  eden space 69632K, 100% used [0x00000000e0000000,0x00000000e4400000,0x00000000e4400000)
  from space 25088K, 53% used [0x00000000e5b80000,0x00000000e68b4920,0x00000000e7400000)
  to   space 24064K, 0% used [0x00000000e4400000,0x00000000e4400000,0x00000000e5b80000)
 ParOldGen       total 116736K, used 42839K [0x00000000a0000000, 0x00000000a7200000, 0x00000000e0000000)
  object space 116736K, 36% used [0x00000000a0000000,0x00000000a29d5db8,0x00000000a7200000)
 Metaspace       used 55449K, capacity 56422K, committed 56832K, reserved 1099776K
  class space    used 6592K, capacity 6803K, committed 6912K, reserved 1048576K
Event: 17.862 GC heap after
Heap after GC invocations=16 (full 3):
 PSYoungGen      total 93696K, used 6619K [0x00000000e0000000, 0x00000000e8d80000, 0x0000000100000000)
  eden space 69632K, 0% used [0x00000000e0000000,0x00000000e0000000,0x00000000e4400000)
  from space 24064K, 27% used [0x00000000e4400000,0x00000000e4a76ff0,0x00000000e5b80000)
  to   space 24064K, 0% used [0x00000000e7600000,0x00000000e7600000,0x00000000e8d80000)
 ParOldGen       total 116736K, used 49815K [0x00000000a0000000, 0x00000000a7200000, 0x00000000e0000000)
  object space 116736K, 42% used [0x00000000a0000000,0x00000000a30a5dd8,0x00000000a7200000)
 Metaspace       used 55449K, capacity 56422K, committed 56832K, reserved 1099776K
  class space    used 6592K, capacity 6803K, committed 6912K, reserved 1048576K
}

