# JRE version: OpenJDK Runtime Environment (8.0_152-b02) (build 1.8.0_152-release-1024-b02)
# Java VM: OpenJDK 64-Bit Server VM (25.152-b02 mixed mode windows-amd64 compressed oops)
Heap:
 PSYoungGen      total 85504K, used 2768K [0x00000000d5d00000, 0x00000000de080000, 0x0000000100000000)
  eden space 68608K, 4% used [0x00000000d5d00000,0x00000000d5fb42b8,0x00000000da000000)
  from space 16896K, 0% used [0x00000000db200000,0x00000000db200000,0x00000000dc280000)
  to   space 18432K, 0% used [0x00000000da000000,0x00000000da000000,0x00000000db200000)
 ParOldGen       total 66048K, used 31745K [0x0000000081600000, 0x0000000085680000, 0x00000000d5d00000)
  object space 66048K, 48% used [0x0000000081600000,0x00000000835004f8,0x0000000085680000)
 Metaspace       used 34833K, capacity 35334K, committed 35672K, reserved 1081344K
  class space    used 4357K, capacity 4520K, committed 4608K, reserved 1048576K
GC Heap History (10 events):
Event: 1.790 GC heap before
{Heap before GC invocations=4 (full 1):
 PSYoungGen      total 38400K, used 5097K [0x00000000d5d00000, 0x00000000da800000, 0x0000000100000000)
  eden space 33280K, 0% used [0x00000000d5d00000,0x00000000d5d00000,0x00000000d7d80000)
  from space 5120K, 99% used [0x00000000d7d80000,0x00000000d827a610,0x00000000d8280000)
  to   space 5120K, 0% used [0x00000000da300000,0x00000000da300000,0x00000000da800000)
 ParOldGen       total 87552K, used 10890K [0x0000000081600000, 0x0000000086b80000, 0x00000000d5d00000)
  object space 87552K, 12% used [0x0000000081600000,0x00000000820a2af8,0x0000000086b80000)
 Metaspace       used 20700K, capacity 20996K, committed 21248K, reserved 1067008K
  class space    used 2633K, capacity 2732K, committed 2816K, reserved 1048576K
Event: 1.825 GC heap after
Heap after GC invocations=4 (full 1):
 PSYoungGen      total 38400K, used 0K [0x00000000d5d00000, 0x00000000da800000, 0x0000000100000000)
  eden space 33280K, 0% used [0x00000000d5d00000,0x00000000d5d00000,0x00000000d7d80000)
  from space 5120K, 0% used [0x00000000d7d80000,0x00000000d7d80000,0x00000000d8280000)
  to   space 5120K, 0% used [0x00000000da300000,0x00000000da300000,0x00000000da800000)
 ParOldGen       total 66048K, used 7664K [0x0000000081600000, 0x0000000085680000, 0x00000000d5d00000)
  object space 66048K, 11% used [0x0000000081600000,0x0000000081d7c3a8,0x0000000085680000)
 Metaspace       used 20700K, capacity 20996K, committed 21248K, reserved 1067008K
  class space    used 2633K, capacity 2732K, committed 2816K, reserved 1048576K
}
Event: 2.556 GC heap before
{Heap before GC invocations=5 (full 1):
 PSYoungGen      total 38400K, used 33280K [0x00000000d5d00000, 0x00000000da800000, 0x0000000100000000)
  eden space 33280K, 100% used [0x00000000d5d00000,0x00000000d7d80000,0x00000000d7d80000)
  from space 5120K, 0% used [0x00000000d7d80000,0x00000000d7d80000,0x00000000d8280000)
  to   space 5120K, 0% used [0x00000000da300000,0x00000000da300000,0x00000000da800000)
 ParOldGen       total 66048K, used 7664K [0x0000000081600000, 0x0000000085680000, 0x00000000d5d00000)
  object space 66048K, 11% used [0x0000000081600000,0x0000000081d7c3a8,0x0000000085680000)
 Metaspace       used 24226K, capacity 24607K, committed 24960K, reserved 1071104K
  class space    used 3063K, capacity 3196K, committed 3200K, reserved 1048576K
Event: 2.573 GC heap after
Heap after GC invocations=5 (full 1):
 PSYoungGen      total 54272K, used 5104K [0x00000000d5d00000, 0x00000000da800000, 0x0000000100000000)
  eden space 49152K, 0% used [0x00000000d5d00000,0x00000000d5d00000,0x00000000d8d00000)
  from space 5120K, 99% used [0x00000000da300000,0x00000000da7fc208,0x00000000da800000)
  to   space 5120K, 0% used [0x00000000d9e00000,0x00000000d9e00000,0x00000000da300000)
 ParOldGen       total 66048K, used 10251K [0x0000000081600000, 0x0000000085680000, 0x00000000d5d00000)
  object space 66048K, 15% used [0x0000000081600000,0x0000000082002d30,0x0000000085680000)
 Metaspace       used 24226K, capacity 24607K, committed 24960K, reserved 1071104K
  class space    used 3063K, capacity 3196K, committed 3200K, reserved 1048576K
}
Event: 5.024 GC heap before
{Heap before GC invocations=6 (full 1):
 PSYoungGen      total 54272K, used 54256K [0x00000000d5d00000, 0x00000000da800000, 0x0000000100000000)
  eden space 49152K, 100% used [0x00000000d5d00000,0x00000000d8d00000,0x00000000d8d00000)
  from space 5120K, 99% used [0x00000000da300000,0x00000000da7fc208,0x00000000da800000)
  to   space 5120K, 0% used [0x00000000d9e00000,0x00000000d9e00000,0x00000000da300000)
 ParOldGen       total 66048K, used 10251K [0x0000000081600000, 0x0000000085680000, 0x00000000d5d00000)
  object space 66048K, 15% used [0x0000000081600000,0x0000000082002d30,0x0000000085680000)
 Metaspace       used 31994K, capacity 32446K, committed 32768K, reserved 1077248K
  class space    used 3950K, capacity 4092K, committed 4096K, reserved 1048576K
Event: 5.040 GC heap after
Heap after GC invocations=6 (full 1):
 PSYoungGen      total 71680K, used 5117K [0x00000000d5d00000, 0x00000000dc280000, 0x0000000100000000)
  eden space 66560K, 0% used [0x00000000d5d00000,0x00000000d5d00000,0x00000000d9e00000)
  from space 5120K, 99% used [0x00000000d9e00000,0x00000000da2ff508,0x00000000da300000)
  to   space 16896K, 0% used [0x00000000db200000,0x00000000db200000,0x00000000dc280000)
 ParOldGen       total 66048K, used 23111K [0x0000000081600000, 0x0000000085680000, 0x00000000d5d00000)
  object space 66048K, 34% used [0x0000000081600000,0x0000000082c91e98,0x0000000085680000)
 Metaspace       used 31994K, capacity 32446K, committed 32768K, reserved 1077248K
  class space    used 3950K, capacity 4092K, committed 4096K, reserved 1048576K
}
Event: 5.691 GC heap before
{Heap before GC invocations=7 (full 1):
 PSYoungGen      total 71680K, used 38432K [0x00000000d5d00000, 0x00000000dc280000, 0x0000000100000000)
  eden space 66560K, 50% used [0x00000000d5d00000,0x00000000d7d88b70,0x00000000d9e00000)
  from space 5120K, 99% used [0x00000000d9e00000,0x00000000da2ff508,0x00000000da300000)
  to   space 16896K, 0% used [0x00000000db200000,0x00000000db200000,0x00000000dc280000)
 ParOldGen       total 66048K, used 23111K [0x0000000081600000, 0x0000000085680000, 0x00000000d5d00000)
  object space 66048K, 34% used [0x0000000081600000,0x0000000082c91e98,0x0000000085680000)
 Metaspace       used 34596K, capacity 35046K, committed 35416K, reserved 1081344K
  class space    used 4327K, capacity 4488K, committed 4608K, reserved 1048576K
Event: 5.708 GC heap after
Heap after GC invocations=7 (full 1):
 PSYoungGen      total 85504K, used 14596K [0x00000000d5d00000, 0x00000000de080000, 0x0000000100000000)
  eden space 68608K, 0% used [0x00000000d5d00000,0x00000000d5d00000,0x00000000da000000)
  from space 16896K, 86% used [0x00000000db200000,0x00000000dc0412d0,0x00000000dc280000)
  to   space 18432K, 0% used [0x00000000da000000,0x00000000da000000,0x00000000db200000)
 ParOldGen       total 66048K, used 23119K [0x0000000081600000, 0x0000000085680000, 0x00000000d5d00000)
  object space 66048K, 35% used [0x0000000081600000,0x0000000082c93e98,0x0000000085680000)
 Metaspace       used 34596K, capacity 35046K, committed 35416K, reserved 1081344K
  class space    used 4327K, capacity 4488K, committed 4608K, reserved 1048576K
}
Event: 5.708 GC heap before
{Heap before GC invocations=8 (full 2):
 PSYoungGen      total 85504K, used 14596K [0x00000000d5d00000, 0x00000000de080000, 0x0000000100000000)
  eden space 68608K, 0% used [0x00000000d5d00000,0x00000000d5d00000,0x00000000da000000)
  from space 16896K, 86% used [0x00000000db200000,0x00000000dc0412d0,0x00000000dc280000)
  to   space 18432K, 0% used [0x00000000da000000,0x00000000da000000,0x00000000db200000)
 ParOldGen       total 66048K, used 23119K [0x0000000081600000, 0x0000000085680000, 0x00000000d5d00000)
  object space 66048K, 35% used [0x0000000081600000,0x0000000082c93e98,0x0000000085680000)
 Metaspace       used 34596K, capacity 35046K, committed 35416K, reserved 1081344K
  class space    used 4327K, capacity 4488K, committed 4608K, reserved 1048576K
Event: 5.850 GC heap after
Heap after GC invocations=8 (full 2):
 PSYoungGen      total 85504K, used 0K [0x00000000d5d00000, 0x00000000de080000, 0x0000000100000000)
  eden space 68608K, 0% used [0x00000000d5d00000,0x00000000d5d00000,0x00000000da000000)
  from space 16896K, 0% used [0x00000000db200000,0x00000000db200000,0x00000000dc280000)
  to   space 18432K, 0% used [0x00000000da000000,0x00000000da000000,0x00000000db200000)
 ParOldGen       total 66048K, used 31745K [0x0000000081600000, 0x0000000085680000, 0x00000000d5d00000)
  object space 66048K, 48% used [0x0000000081600000,0x00000000835004f8,0x0000000085680000)
 Metaspace       used 34596K, capacity 35046K, committed 35416K, reserved 1081344K
  class space    used 4327K, capacity 4488K, committed 4608K, reserved 1048576K
}

