# JRE version: OpenJDK Runtime Environment (8.0_152-b02) (build 1.8.0_152-release-1024-b02)
# Java VM: OpenJDK 64-Bit Server VM (25.152-b02 mixed mode windows-amd64 compressed oops)
Heap:
 PSYoungGen      total 119808K, used 81445K [0x00000000d5d00000, 0x00000000dec80000, 0x0000000100000000)
  eden space 100352K, 61% used [0x00000000d5d00000,0x00000000d998fc68,0x00000000dbf00000)
  from space 19456K, 99% used [0x00000000dbf00000,0x00000000dd1f97c0,0x00000000dd200000)
  to   space 17920K, 0% used [0x00000000dd200000,0x00000000dd200000,0x00000000de380000)
 ParOldGen       total 123904K, used 58194K [0x0000000081600000, 0x0000000088f00000, 0x00000000d5d00000)
  object space 123904K, 46% used [0x0000000081600000,0x0000000084ed4bd8,0x0000000088f00000)
 Metaspace       used 53837K, capacity 54900K, committed 55000K, reserved 1097728K
  class space    used 6146K, capacity 6387K, committed 6400K, reserved 1048576K
GC Heap History (10 events):
Event: 5.248 GC heap before
{Heap before GC invocations=9 (full 2):
 PSYoungGen      total 91648K, used 74752K [0x00000000d5d00000, 0x00000000de000000, 0x0000000100000000)
  eden space 74752K, 100% used [0x00000000d5d00000,0x00000000da600000,0x00000000da600000)
  from space 16896K, 0% used [0x00000000db680000,0x00000000db680000,0x00000000dc700000)
  to   space 16896K, 0% used [0x00000000da600000,0x00000000da600000,0x00000000db680000)
 ParOldGen       total 123904K, used 28972K [0x0000000081600000, 0x0000000088f00000, 0x00000000d5d00000)
  object space 123904K, 23% used [0x0000000081600000,0x000000008324b220,0x0000000088f00000)
 Metaspace       used 39915K, capacity 40608K, committed 40920K, reserved 1085440K
  class space    used 4895K, capacity 5067K, committed 5120K, reserved 1048576K
Event: 5.262 GC heap after
Heap after GC invocations=9 (full 2):
 PSYoungGen      total 91648K, used 14345K [0x00000000d5d00000, 0x00000000de380000, 0x0000000100000000)
  eden space 74752K, 0% used [0x00000000d5d00000,0x00000000d5d00000,0x00000000da600000)
  from space 16896K, 84% used [0x00000000da600000,0x00000000db4024d8,0x00000000db680000)
  to   space 17920K, 0% used [0x00000000dd200000,0x00000000dd200000,0x00000000de380000)
 ParOldGen       total 123904K, used 28980K [0x0000000081600000, 0x0000000088f00000, 0x00000000d5d00000)
  object space 123904K, 23% used [0x0000000081600000,0x000000008324d220,0x0000000088f00000)
 Metaspace       used 39915K, capacity 40608K, committed 40920K, reserved 1085440K
  class space    used 4895K, capacity 5067K, committed 5120K, reserved 1048576K
}
Event: 5.754 GC heap before
{Heap before GC invocations=10 (full 2):
 PSYoungGen      total 91648K, used 89097K [0x00000000d5d00000, 0x00000000de380000, 0x0000000100000000)
  eden space 74752K, 100% used [0x00000000d5d00000,0x00000000da600000,0x00000000da600000)
  from space 16896K, 84% used [0x00000000da600000,0x00000000db4024d8,0x00000000db680000)
  to   space 17920K, 0% used [0x00000000dd200000,0x00000000dd200000,0x00000000de380000)
 ParOldGen       total 123904K, used 28980K [0x0000000081600000, 0x0000000088f00000, 0x00000000d5d00000)
  object space 123904K, 23% used [0x0000000081600000,0x000000008324d220,0x0000000088f00000)
 Metaspace       used 40240K, capacity 40944K, committed 41176K, reserved 1085440K
  class space    used 4905K, capacity 5069K, committed 5120K, reserved 1048576K
Event: 5.776 GC heap after
Heap after GC invocations=10 (full 2):
 PSYoungGen      total 118272K, used 16351K [0x00000000d5d00000, 0x00000000dec80000, 0x0000000100000000)
  eden space 100352K, 0% used [0x00000000d5d00000,0x00000000d5d00000,0x00000000dbf00000)
  from space 17920K, 91% used [0x00000000dd200000,0x00000000de1f7f78,0x00000000de380000)
  to   space 19456K, 0% used [0x00000000dbf00000,0x00000000dbf00000,0x00000000dd200000)
 ParOldGen       total 123904K, used 28988K [0x0000000081600000, 0x0000000088f00000, 0x00000000d5d00000)
  object space 123904K, 23% used [0x0000000081600000,0x000000008324f220,0x0000000088f00000)
 Metaspace       used 40240K, capacity 40944K, committed 41176K, reserved 1085440K
  class space    used 4905K, capacity 5069K, committed 5120K, reserved 1048576K
}
Event: 7.316 GC heap before
{Heap before GC invocations=11 (full 2):
 PSYoungGen      total 118272K, used 116703K [0x00000000d5d00000, 0x00000000dec80000, 0x0000000100000000)
  eden space 100352K, 100% used [0x00000000d5d00000,0x00000000dbf00000,0x00000000dbf00000)
  from space 17920K, 91% used [0x00000000dd200000,0x00000000de1f7f78,0x00000000de380000)
  to   space 19456K, 0% used [0x00000000dbf00000,0x00000000dbf00000,0x00000000dd200000)
 ParOldGen       total 123904K, used 28988K [0x0000000081600000, 0x0000000088f00000, 0x00000000d5d00000)
  object space 123904K, 23% used [0x0000000081600000,0x000000008324f220,0x0000000088f00000)
 Metaspace       used 44227K, capacity 45002K, committed 45272K, reserved 1089536K
  class space    used 5340K, capacity 5520K, committed 5632K, reserved 1048576K
Event: 7.348 GC heap after
Heap after GC invocations=11 (full 2):
 PSYoungGen      total 119808K, used 19425K [0x00000000d5d00000, 0x00000000dec80000, 0x0000000100000000)
  eden space 100352K, 0% used [0x00000000d5d00000,0x00000000d5d00000,0x00000000dbf00000)
  from space 19456K, 99% used [0x00000000dbf00000,0x00000000dd1f8578,0x00000000dd200000)
  to   space 17920K, 0% used [0x00000000dd200000,0x00000000dd200000,0x00000000de380000)
 ParOldGen       total 123904K, used 40064K [0x0000000081600000, 0x0000000088f00000, 0x00000000d5d00000)
  object space 123904K, 32% used [0x0000000081600000,0x0000000083d20128,0x0000000088f00000)
 Metaspace       used 44227K, capacity 45002K, committed 45272K, reserved 1089536K
  class space    used 5340K, capacity 5520K, committed 5632K, reserved 1048576K
}
Event: 9.599 GC heap before
{Heap before GC invocations=12 (full 2):
 PSYoungGen      total 119808K, used 119777K [0x00000000d5d00000, 0x00000000dec80000, 0x0000000100000000)
  eden space 100352K, 100% used [0x00000000d5d00000,0x00000000dbf00000,0x00000000dbf00000)
  from space 19456K, 99% used [0x00000000dbf00000,0x00000000dd1f8578,0x00000000dd200000)
  to   space 17920K, 0% used [0x00000000dd200000,0x00000000dd200000,0x00000000de380000)
 ParOldGen       total 123904K, used 40064K [0x0000000081600000, 0x0000000088f00000, 0x00000000d5d00000)
  object space 123904K, 32% used [0x0000000081600000,0x0000000083d20128,0x0000000088f00000)
 Metaspace       used 45789K, capacity 46658K, committed 46808K, reserved 1091584K
  class space    used 5410K, capacity 5606K, committed 5632K, reserved 1048576K
Event: 9.626 GC heap after
Heap after GC invocations=12 (full 2):
 PSYoungGen      total 118272K, used 17909K [0x00000000d5d00000, 0x00000000dec80000, 0x0000000100000000)
  eden space 100352K, 0% used [0x00000000d5d00000,0x00000000d5d00000,0x00000000dbf00000)
  from space 17920K, 99% used [0x00000000dd200000,0x00000000de37d7d0,0x00000000de380000)
  to   space 19456K, 0% used [0x00000000dbf00000,0x00000000dbf00000,0x00000000dd200000)
 ParOldGen       total 123904K, used 48876K [0x0000000081600000, 0x0000000088f00000, 0x00000000d5d00000)
  object space 123904K, 39% used [0x0000000081600000,0x00000000845bb140,0x0000000088f00000)
 Metaspace       used 45789K, capacity 46658K, committed 46808K, reserved 1091584K
  class space    used 5410K, capacity 5606K, committed 5632K, reserved 1048576K
}
Event: 11.559 GC heap before
{Heap before GC invocations=13 (full 2):
 PSYoungGen      total 118272K, used 118261K [0x00000000d5d00000, 0x00000000dec80000, 0x0000000100000000)
  eden space 100352K, 100% used [0x00000000d5d00000,0x00000000dbf00000,0x00000000dbf00000)
  from space 17920K, 99% used [0x00000000dd200000,0x00000000de37d7d0,0x00000000de380000)
  to   space 19456K, 0% used [0x00000000dbf00000,0x00000000dbf00000,0x00000000dd200000)
 ParOldGen       total 123904K, used 48876K [0x0000000081600000, 0x0000000088f00000, 0x00000000d5d00000)
  object space 123904K, 39% used [0x0000000081600000,0x00000000845bb140,0x0000000088f00000)
 Metaspace       used 52625K, capacity 53672K, committed 53976K, reserved 1097728K
  class space    used 6110K, capacity 6347K, committed 6400K, reserved 1048576K
Event: 11.582 GC heap after
Heap after GC invocations=13 (full 2):
 PSYoungGen      total 119808K, used 19429K [0x00000000d5d00000, 0x00000000dec80000, 0x0000000100000000)
  eden space 100352K, 0% used [0x00000000d5d00000,0x00000000d5d00000,0x00000000dbf00000)
  from space 19456K, 99% used [0x00000000dbf00000,0x00000000dd1f97c0,0x00000000dd200000)
  to   space 17920K, 0% used [0x00000000dd200000,0x00000000dd200000,0x00000000de380000)
 ParOldGen       total 123904K, used 58194K [0x0000000081600000, 0x0000000088f00000, 0x00000000d5d00000)
  object space 123904K, 46% used [0x0000000081600000,0x0000000084ed4bd8,0x0000000088f00000)
 Metaspace       used 52625K, capacity 53672K, committed 53976K, reserved 1097728K
  class space    used 6110K, capacity 6347K, committed 6400K, reserved 1048576K
}

